{"C:\\Users\\dai15\\Desktop\\microservice_t3\\order_service\\src\\repository\\cart.repository.ts": {"path":"C:\\Users\\dai15\\Desktop\\microservice_t3\\order_service\\src\\repository\\cart.repository.ts","all":false,"statementMap":{"0":{"start":{"line":1,"column":0},"end":{"line":1,"column":62}},"1":{"start":{"line":2,"column":0},"end":{"line":2,"column":0}},"2":{"start":{"line":3,"column":0},"end":{"line":3,"column":55}},"3":{"start":{"line":4,"column":0},"end":{"line":4,"column":83}},"4":{"start":{"line":5,"column":0},"end":{"line":5,"column":1}},"5":{"start":{"line":6,"column":0},"end":{"line":6,"column":0}},"6":{"start":{"line":7,"column":0},"end":{"line":7,"column":0}},"7":{"start":{"line":8,"column":0},"end":{"line":8,"column":55}},"8":{"start":{"line":9,"column":0},"end":{"line":9,"column":30}},"9":{"start":{"line":10,"column":0},"end":{"line":10,"column":1}},"10":{"start":{"line":11,"column":0},"end":{"line":11,"column":0}},"11":{"start":{"line":12,"column":0},"end":{"line":12,"column":0}},"12":{"start":{"line":13,"column":0},"end":{"line":13,"column":53}},"13":{"start":{"line":14,"column":0},"end":{"line":14,"column":30}},"14":{"start":{"line":15,"column":0},"end":{"line":15,"column":1}},"15":{"start":{"line":16,"column":0},"end":{"line":16,"column":0}},"16":{"start":{"line":17,"column":0},"end":{"line":17,"column":0}},"17":{"start":{"line":18,"column":0},"end":{"line":18,"column":55}},"18":{"start":{"line":19,"column":0},"end":{"line":19,"column":30}},"19":{"start":{"line":20,"column":0},"end":{"line":20,"column":1}},"20":{"start":{"line":21,"column":0},"end":{"line":21,"column":0}},"21":{"start":{"line":22,"column":0},"end":{"line":22,"column":51}},"22":{"start":{"line":23,"column":0},"end":{"line":23,"column":23}},"23":{"start":{"line":24,"column":0},"end":{"line":24,"column":19}},"24":{"start":{"line":25,"column":0},"end":{"line":25,"column":23}},"25":{"start":{"line":26,"column":0},"end":{"line":26,"column":22}},"26":{"start":{"line":27,"column":0},"end":{"line":27,"column":1}}},"s":{"0":1,"1":1,"2":1,"3":0,"4":0,"5":1,"6":1,"7":1,"8":0,"9":0,"10":1,"11":1,"12":1,"13":0,"14":0,"15":1,"16":1,"17":1,"18":0,"19":0,"20":1,"21":1,"22":1,"23":1,"24":1,"25":1,"26":1},"branchMap":{},"b":{},"fnMap":{"0":{"name":"createCart","decl":{"start":{"line":3,"column":19},"end":{"line":5,"column":1}},"loc":{"start":{"line":3,"column":19},"end":{"line":5,"column":1}},"line":3},"1":{"name":"updateCart","decl":{"start":{"line":8,"column":19},"end":{"line":10,"column":1}},"loc":{"start":{"line":8,"column":19},"end":{"line":10,"column":1}},"line":8},"2":{"name":"findCart","decl":{"start":{"line":13,"column":17},"end":{"line":15,"column":1}},"loc":{"start":{"line":13,"column":17},"end":{"line":15,"column":1}},"line":13},"3":{"name":"deleteCart","decl":{"start":{"line":18,"column":19},"end":{"line":20,"column":1}},"loc":{"start":{"line":18,"column":19},"end":{"line":20,"column":1}},"line":18}},"f":{"0":0,"1":0,"2":0,"3":0}}
,"C:\\Users\\dai15\\Desktop\\microservice_t3\\order_service\\src\\service\\cart.service.ts": {"path":"C:\\Users\\dai15\\Desktop\\microservice_t3\\order_service\\src\\service\\cart.service.ts","all":false,"statementMap":{"0":{"start":{"line":1,"column":0},"end":{"line":1,"column":61}},"1":{"start":{"line":2,"column":0},"end":{"line":2,"column":0}},"2":{"start":{"line":3,"column":0},"end":{"line":3,"column":76}},"3":{"start":{"line":4,"column":0},"end":{"line":4,"column":41}},"4":{"start":{"line":5,"column":0},"end":{"line":5,"column":15}},"5":{"start":{"line":6,"column":0},"end":{"line":6,"column":1}},"6":{"start":{"line":7,"column":0},"end":{"line":7,"column":0}},"7":{"start":{"line":8,"column":0},"end":{"line":8,"column":73}},"8":{"start":{"line":9,"column":0},"end":{"line":9,"column":39}},"9":{"start":{"line":10,"column":0},"end":{"line":10,"column":15}},"10":{"start":{"line":11,"column":0},"end":{"line":11,"column":1}},"11":{"start":{"line":12,"column":0},"end":{"line":12,"column":0}},"12":{"start":{"line":13,"column":0},"end":{"line":13,"column":74}},"13":{"start":{"line":14,"column":0},"end":{"line":14,"column":41}},"14":{"start":{"line":15,"column":0},"end":{"line":15,"column":15}},"15":{"start":{"line":16,"column":0},"end":{"line":16,"column":1}},"16":{"start":{"line":17,"column":0},"end":{"line":17,"column":0}},"17":{"start":{"line":18,"column":0},"end":{"line":18,"column":76}},"18":{"start":{"line":19,"column":0},"end":{"line":19,"column":41}},"19":{"start":{"line":20,"column":0},"end":{"line":20,"column":15}},"20":{"start":{"line":21,"column":0},"end":{"line":21,"column":1}}},"s":{"0":1,"1":1,"2":1,"3":1,"4":1,"5":1,"6":1,"7":1,"8":0,"9":0,"10":0,"11":1,"12":1,"13":0,"14":0,"15":0,"16":1,"17":1,"18":0,"19":0,"20":0},"branchMap":{"0":{"type":"branch","line":3,"loc":{"start":{"line":3,"column":26},"end":{"line":6,"column":1}},"locations":[{"start":{"line":3,"column":26},"end":{"line":6,"column":1}}]},"1":{"type":"branch","line":3,"loc":{"start":{"line":3,"column":74},"end":{"line":6,"column":1}},"locations":[{"start":{"line":3,"column":74},"end":{"line":6,"column":1}}]}},"b":{"0":[1],"1":[1]},"fnMap":{"0":{"name":"CreateCart","decl":{"start":{"line":3,"column":26},"end":{"line":6,"column":1}},"loc":{"start":{"line":3,"column":26},"end":{"line":6,"column":1}},"line":3},"1":{"name":"GetCart","decl":{"start":{"line":8,"column":23},"end":{"line":11,"column":1}},"loc":{"start":{"line":8,"column":23},"end":{"line":11,"column":1}},"line":8},"2":{"name":"EditCart","decl":{"start":{"line":13,"column":24},"end":{"line":16,"column":1}},"loc":{"start":{"line":13,"column":24},"end":{"line":16,"column":1}},"line":13},"3":{"name":"DeleteCart","decl":{"start":{"line":18,"column":26},"end":{"line":21,"column":1}},"loc":{"start":{"line":18,"column":26},"end":{"line":21,"column":1}},"line":18}},"f":{"0":1,"1":0,"2":0,"3":0}}
}
